<?xml version="1.0" encoding="UTF-8"?>
<testng-results ignored="0" total="1" passed="1" failed="0" skipped="0">
  <reporter-output>
  </reporter-output>
  <suite started-at="2020-04-26T23:50:23 BST" name="FreeCRM" finished-at="2020-04-26T23:50:39 BST" duration-ms="16480">
    <groups>
      <group name="cucumber">
        <method signature="TestRunner.ControlCucumberFeature(cucumber.api.testng.CucumberFeatureWrapper)[pri:0, instance:com.qa.testrunner.TestRunner@45b9a632]" name="ControlCucumberFeature" class="com.qa.testrunner.TestRunner"/>
      </group> <!-- cucumber -->
    </groups>
    <test started-at="2020-04-26T23:50:23 BST" name="Regression Tests" finished-at="2020-04-26T23:50:39 BST" duration-ms="16480">
      <class name="com.qa.testrunner.TestRunner">
        <test-method is-config="true" signature="setupclass()[pri:0, instance:com.qa.testrunner.TestRunner@45b9a632]" started-at="2020-04-26T23:50:23 BST" name="setupclass" finished-at="2020-04-26T23:50:23 BST" duration-ms="162" status="PASS">
          <reporter-output>
          </reporter-output>
        </test-method> <!-- setupclass -->
        <test-method signature="ControlCucumberFeature(cucumber.api.testng.CucumberFeatureWrapper)[pri:0, instance:com.qa.testrunner.TestRunner@45b9a632]" started-at="2020-04-26T23:50:23 BST" name="ControlCucumberFeature" description="run cucumber method" data-provider="features" finished-at="2020-04-26T23:50:39 BST" duration-ms="16208" status="PASS">
          <params>
            <param index="0">
              <value>
                <![CDATA[Free CRM Login]]>
              </value>
            </param>
          </params>
          <reporter-output>
          </reporter-output>
        </test-method> <!-- ControlCucumberFeature -->
        <test-method is-config="true" signature="TearDown()[pri:0, instance:com.qa.testrunner.TestRunner@45b9a632]" started-at="2020-04-26T23:50:39 BST" name="TearDown" finished-at="2020-04-26T23:50:39 BST" duration-ms="20" status="PASS">
          <reporter-output>
          </reporter-output>
        </test-method> <!-- TearDown -->
      </class> <!-- com.qa.testrunner.TestRunner -->
    </test> <!-- Regression Tests -->
  </suite> <!-- FreeCRM -->
</testng-results>
